<?xml version="1.0" encoding="UTF-8"?>
<testsuite xmlns:xsi="http://www.w3.org/2001/XMLSchema-instance" xsi:noNamespaceSchemaLocation="https://maven.apache.org/surefire/maven-surefire-plugin/xsd/surefire-test-report-3.0.xsd" version="3.0" name="ifpe.paokentyn.domain.PaoTest" time="0.276" tests="2" errors="0" skipped="0" failures="0">
  <properties>
[...]
</properties>
  <testcase name="testEncontrarPaoDoDataSet" classname="ifpe.paokentyn.domain.PaoTest" time="0.03">
    <system-out><![CDATA[[EL Fine]: server: 2025-11-11 15:20:32.164--Thread(Thread[main,5,main])--Configured server platform: org.eclipse.persistence.platform.server.NoServerPlatform
[EL Config]: metadata: 2025-11-11 15:20:32.176--ServerSession(1492822331)--Thread(Thread[main,5,main])--The access type for the persistent class [class ifpe.paokentyn.domain.Fornada] is set to [FIELD].
[EL Config]: metadata: 2025-11-11 15:20:32.176--ServerSession(1492822331)--Thread(Thread[main,5,main])--The target entity (reference) class for the many to one mapping element [field padaria] is being defaulted to: class ifpe.paokentyn.domain.Padaria.
[EL Config]: metadata: 2025-11-11 15:20:32.176--ServerSession(1492822331)--Thread(Thread[main,5,main])--The target entity (reference) class for the one to many mapping element [field itensPedidos] is being defaulted to: class ifpe.paokentyn.domain.ItemPedido.
[EL Config]: metadata: 2025-11-11 15:20:32.176--ServerSession(1492822331)--Thread(Thread[main,5,main])--The access type for the persistent class [class ifpe.paokentyn.domain.Pedido] is set to [FIELD].
[EL Config]: metadata: 2025-11-11 15:20:32.176--ServerSession(1492822331)--Thread(Thread[main,5,main])--The target entity (reference) class for the one to many mapping element [field itens] is being defaulted to: class ifpe.paokentyn.domain.ItemPedido.
[EL Config]: metadata: 2025-11-11 15:20:32.176--ServerSession(1492822331)--Thread(Thread[main,5,main])--The access type for the persistent class [class ifpe.paokentyn.domain.Tarefa] is set to [FIELD].
[EL Config]: metadata: 2025-11-11 15:20:32.176--ServerSession(1492822331)--Thread(Thread[main,5,main])--The target entity (reference) class for the many to one mapping element [field funcionario] is being defaulted to: class ifpe.paokentyn.domain.Funcionario.
[EL Config]: metadata: 2025-11-11 15:20:32.176--ServerSession(1492822331)--Thread(Thread[main,5,main])--The access type for the persistent class [class ifpe.paokentyn.domain.ItemPedido] is set to [FIELD].
[EL Config]: metadata: 2025-11-11 15:20:32.176--ServerSession(1492822331)--Thread(Thread[main,5,main])--The target entity (reference) class for the many to one mapping element [field fornada] is being defaulted to: class ifpe.paokentyn.domain.Fornada.
[EL Config]: metadata: 2025-11-11 15:20:32.176--ServerSession(1492822331)--Thread(Thread[main,5,main])--The target entity (reference) class for the many to one mapping element [field pedido] is being defaulted to: class ifpe.paokentyn.domain.Pedido.
[EL Config]: metadata: 2025-11-11 15:20:32.176--ServerSession(1492822331)--Thread(Thread[main,5,main])--The target entity (reference) class for the many to one mapping element [field pao] is being defaulted to: class ifpe.paokentyn.domain.Pao.
[EL Config]: metadata: 2025-11-11 15:20:32.176--ServerSession(1492822331)--Thread(Thread[main,5,main])--The access type for the persistent class [class ifpe.paokentyn.domain.Funcionario] is set to [FIELD].
[EL Config]: metadata: 2025-11-11 15:20:32.176--ServerSession(1492822331)--Thread(Thread[main,5,main])--The target entity (reference) class for the many to one mapping element [field padaria] is being defaulted to: class ifpe.paokentyn.domain.Padaria.
[EL Config]: metadata: 2025-11-11 15:20:32.176--ServerSession(1492822331)--Thread(Thread[main,5,main])--The target entity (reference) class for the one to many mapping element [field tarefas] is being defaulted to: class ifpe.paokentyn.domain.Tarefa.
[EL Config]: metadata: 2025-11-11 15:20:32.176--ServerSession(1492822331)--Thread(Thread[main,5,main])--The access type for the persistent class [class ifpe.paokentyn.domain.Padaria] is set to [FIELD].
[EL Config]: metadata: 2025-11-11 15:20:32.176--ServerSession(1492822331)--Thread(Thread[main,5,main])--The target entity (reference) class for the one to many mapping element [field fornadas] is being defaulted to: class ifpe.paokentyn.domain.Fornada.
[EL Config]: metadata: 2025-11-11 15:20:32.176--ServerSession(1492822331)--Thread(Thread[main,5,main])--The target entity (reference) class for the one to many mapping element [field funcionarios] is being defaulted to: class ifpe.paokentyn.domain.Funcionario.
[EL Config]: metadata: 2025-11-11 15:20:32.176--ServerSession(1492822331)--Thread(Thread[main,5,main])--The access type for the persistent class [class ifpe.paokentyn.domain.Pao] is set to [FIELD].
[EL Config]: metadata: 2025-11-11 15:20:32.176--ServerSession(1492822331)--Thread(Thread[main,5,main])--The target entity (reference) class for the one to many mapping element [field itensPedidos] is being defaulted to: class ifpe.paokentyn.domain.ItemPedido.
[EL Config]: metadata: 2025-11-11 15:20:32.176--ServerSession(1492822331)--Thread(Thread[main,5,main])--The alias name for the entity class [class ifpe.paokentyn.domain.Fornada] is being defaulted to: Fornada.
[EL Config]: metadata: 2025-11-11 15:20:32.176--ServerSession(1492822331)--Thread(Thread[main,5,main])--The column name for element [id] is being defaulted to: ID.
[EL Config]: metadata: 2025-11-11 15:20:32.176--ServerSession(1492822331)--Thread(Thread[main,5,main])--The alias name for the entity class [class ifpe.paokentyn.domain.Pedido] is being defaulted to: Pedido.
[EL Config]: metadata: 2025-11-11 15:20:32.176--ServerSession(1492822331)--Thread(Thread[main,5,main])--The column name for element [id] is being defaulted to: ID.
[EL Config]: metadata: 2025-11-11 15:20:32.176--ServerSession(1492822331)--Thread(Thread[main,5,main])--The alias name for the entity class [class ifpe.paokentyn.domain.Tarefa] is being defaulted to: Tarefa.
[EL Config]: metadata: 2025-11-11 15:20:32.182--ServerSession(1492822331)--Thread(Thread[main,5,main])--The column name for element [id] is being defaulted to: ID.
[EL Config]: metadata: 2025-11-11 15:20:32.182--ServerSession(1492822331)--Thread(Thread[main,5,main])--The alias name for the entity class [class ifpe.paokentyn.domain.ItemPedido] is being defaulted to: ItemPedido.
[EL Config]: metadata: 2025-11-11 15:20:32.182--ServerSession(1492822331)--Thread(Thread[main,5,main])--The column name for element [id] is being defaulted to: ID.
[EL Config]: metadata: 2025-11-11 15:20:32.182--ServerSession(1492822331)--Thread(Thread[main,5,main])--The alias name for the entity class [class ifpe.paokentyn.domain.Funcionario] is being defaulted to: Funcionario.
[EL Config]: metadata: 2025-11-11 15:20:32.182--ServerSession(1492822331)--Thread(Thread[main,5,main])--The column name for element [id] is being defaulted to: ID.
[EL Config]: metadata: 2025-11-11 15:20:32.182--ServerSession(1492822331)--Thread(Thread[main,5,main])--The alias name for the entity class [class ifpe.paokentyn.domain.Padaria] is being defaulted to: Padaria.
[EL Config]: metadata: 2025-11-11 15:20:32.182--ServerSession(1492822331)--Thread(Thread[main,5,main])--The column name for element [id] is being defaulted to: ID.
[EL Config]: metadata: 2025-11-11 15:20:32.182--ServerSession(1492822331)--Thread(Thread[main,5,main])--The alias name for the entity class [class ifpe.paokentyn.domain.Pao] is being defaulted to: Pao.
[EL Config]: metadata: 2025-11-11 15:20:32.182--ServerSession(1492822331)--Thread(Thread[main,5,main])--The column name for element [id] is being defaulted to: ID.
[EL Info]: 2025-11-11 15:20:32.186--ServerSession(1492822331)--Thread(Thread[main,5,main])--EclipseLink, version: Eclipse Persistence Services - 4.0.4.v202407190748-059428cdd2583c46f1f3e50d235854840a6fa9a7
[EL Fine]: connection: 2025-11-11 15:20:32.186--ServerSession(1492822331)--Connection(843686350)--Thread(Thread[main,5,main])--connecting(DatabaseLogin(
	platform=>DerbyPlatform
	user name=> "derby"
	datasource URL=> "jdbc:derby://localhost:1527/DSC;create=true"
))
[EL Config]: connection: 2025-11-11 15:20:32.188--ServerSession(1492822331)--Connection(1306085976)--Thread(Thread[main,5,main])--Connected: jdbc:derby://localhost:1527/DSC;create=true
	User: derby
	Database: Apache Derby  Version: 10.16.1.1 - (1901046)
	Driver: Apache Derby Network Client JDBC Driver  Version: 10.16.1.1 - (1901046)
[EL Fine]: connection: 2025-11-11 15:20:32.19--ServerSession(1492822331)--Thread(Thread[main,5,main])--/DSC login successful
[EL Fine]: sql: 2025-11-11 15:20:32.19--ServerSession(1492822331)--Connection(1306085976)--Thread(Thread[main,5,main])--ALTER TABLE TB_FORNADA DROP CONSTRAINT TBFORNADAIDPADARIA
[EL Fine]: sql: 2025-11-11 15:20:32.195--ServerSession(1492822331)--Connection(1306085976)--Thread(Thread[main,5,main])--ALTER TABLE TB_TAREFA DROP CONSTRAINT TBTREFADFNCIONARIO
[EL Fine]: sql: 2025-11-11 15:20:32.199--ServerSession(1492822331)--Connection(1306085976)--Thread(Thread[main,5,main])--ALTER TABLE TB_ITEM_PEDIDO DROP CONSTRAINT TBTEMPEDIDODPEDIDO
[EL Fine]: sql: 2025-11-11 15:20:32.204--ServerSession(1492822331)--Connection(1306085976)--Thread(Thread[main,5,main])--ALTER TABLE TB_ITEM_PEDIDO DROP CONSTRAINT TBITEMPEDIDOID_PAO
[EL Fine]: sql: 2025-11-11 15:20:32.208--ServerSession(1492822331)--Connection(1306085976)--Thread(Thread[main,5,main])--ALTER TABLE TB_ITEM_PEDIDO DROP CONSTRAINT TBTEMPEDIDODFRNADA
[EL Fine]: sql: 2025-11-11 15:20:32.212--ServerSession(1492822331)--Connection(1306085976)--Thread(Thread[main,5,main])--ALTER TABLE TB_FUNCIONARIO DROP CONSTRAINT TBFNCIONARIODPDRIA
[EL Fine]: sql: 2025-11-11 15:20:32.216--ServerSession(1492822331)--Connection(1306085976)--Thread(Thread[main,5,main])--DROP TABLE TB_FORNADA
[EL Fine]: sql: 2025-11-11 15:20:32.224--ServerSession(1492822331)--Connection(1306085976)--Thread(Thread[main,5,main])--DROP TABLE TB_PEDIDO
[EL Fine]: sql: 2025-11-11 15:20:32.231--ServerSession(1492822331)--Connection(1306085976)--Thread(Thread[main,5,main])--DROP TABLE TB_TAREFA
[EL Fine]: sql: 2025-11-11 15:20:32.24--ServerSession(1492822331)--Connection(1306085976)--Thread(Thread[main,5,main])--DROP TABLE TB_ITEM_PEDIDO
[EL Fine]: sql: 2025-11-11 15:20:32.248--ServerSession(1492822331)--Connection(1306085976)--Thread(Thread[main,5,main])--DROP TABLE TB_FUNCIONARIO
[EL Fine]: sql: 2025-11-11 15:20:32.255--ServerSession(1492822331)--Connection(1306085976)--Thread(Thread[main,5,main])--DROP TABLE TB_PADARIA
[EL Fine]: sql: 2025-11-11 15:20:32.263--ServerSession(1492822331)--Connection(1306085976)--Thread(Thread[main,5,main])--DROP TABLE TB_PAO
[EL Fine]: sql: 2025-11-11 15:20:32.273--ServerSession(1492822331)--Connection(1306085976)--Thread(Thread[main,5,main])--CREATE TABLE TB_FORNADA (ID BIGINT GENERATED BY DEFAULT AS IDENTITY NOT NULL, DT_FORNADA DATE NOT NULL, HR_INICIO TIME NOT NULL, ID_PADARIA BIGINT NOT NULL, PRIMARY KEY (ID))
[EL Fine]: sql: 2025-11-11 15:20:32.282--ServerSession(1492822331)--Connection(1306085976)--Thread(Thread[main,5,main])--CREATE TABLE TB_PEDIDO (ID BIGINT GENERATED BY DEFAULT AS IDENTITY NOT NULL, DT_PEDIDO TIMESTAMP NOT NULL, NUM_VALOR_TOTAL FLOAT NOT NULL, PRIMARY KEY (ID))
[EL Fine]: sql: 2025-11-11 15:20:32.292--ServerSession(1492822331)--Connection(1306085976)--Thread(Thread[main,5,main])--CREATE TABLE TB_TAREFA (ID BIGINT GENERATED BY DEFAULT AS IDENTITY NOT NULL, FLG_CONCLUIDA SMALLINT DEFAULT 0 NOT NULL, DT_CONCLUSAO TIMESTAMP, DT_INICIO TIMESTAMP NOT NULL, DT_PREVISAO TIMESTAMP NOT NULL, TXT_DESCRICAO VARCHAR(500) NOT NULL, ID_FUNCIONARIO BIGINT NOT NULL, PRIMARY KEY (ID))
[EL Fine]: sql: 2025-11-11 15:20:32.302--ServerSession(1492822331)--Connection(1306085976)--Thread(Thread[main,5,main])--CREATE TABLE TB_ITEM_PEDIDO (ID BIGINT GENERATED BY DEFAULT AS IDENTITY NOT NULL, NUM_QUANTIDADE INTEGER NOT NULL, ID_FORNADA BIGINT, ID_PAO BIGINT NOT NULL, ID_PEDIDO BIGINT NOT NULL, PRIMARY KEY (ID))
[EL Fine]: sql: 2025-11-11 15:20:32.313--ServerSession(1492822331)--Connection(1306085976)--Thread(Thread[main,5,main])--CREATE TABLE TB_FUNCIONARIO (ID BIGINT GENERATED BY DEFAULT AS IDENTITY NOT NULL, TXT_CARGO VARCHAR(50) NOT NULL, DT_CONTRATACAO DATE, TXT_NOME VARCHAR(255) NOT NULL, NUM_SALARIO FLOAT, ID_PADARIA BIGINT NOT NULL, PRIMARY KEY (ID))
[EL Fine]: sql: 2025-11-11 15:20:32.323--ServerSession(1492822331)--Connection(1306085976)--Thread(Thread[main,5,main])--CREATE TABLE TB_PADARIA (ID BIGINT GENERATED BY DEFAULT AS IDENTITY NOT NULL, TXT_CEP VARCHAR(9), TXT_ENDERECO VARCHAR(500), TXT_NOME VARCHAR(255) NOT NULL, PRIMARY KEY (ID))
[EL Fine]: sql: 2025-11-11 15:20:32.333--ServerSession(1492822331)--Connection(1306085976)--Thread(Thread[main,5,main])--CREATE TABLE TB_PAO (ID BIGINT GENERATED BY DEFAULT AS IDENTITY NOT NULL, TXT_NOME_PAO VARCHAR(100) NOT NULL, NUM_PRECO FLOAT NOT NULL, PRIMARY KEY (ID))
[EL Fine]: sql: 2025-11-11 15:20:32.343--ServerSession(1492822331)--Connection(1306085976)--Thread(Thread[main,5,main])--ALTER TABLE TB_FORNADA ADD CONSTRAINT TBFORNADAIDPADARIA FOREIGN KEY (ID_PADARIA) REFERENCES TB_PADARIA (ID)
[EL Fine]: sql: 2025-11-11 15:20:32.352--ServerSession(1492822331)--Connection(1306085976)--Thread(Thread[main,5,main])--ALTER TABLE TB_TAREFA ADD CONSTRAINT TBTREFADFNCIONARIO FOREIGN KEY (ID_FUNCIONARIO) REFERENCES TB_FUNCIONARIO (ID)
[EL Fine]: sql: 2025-11-11 15:20:32.358--ServerSession(1492822331)--Connection(1306085976)--Thread(Thread[main,5,main])--ALTER TABLE TB_ITEM_PEDIDO ADD CONSTRAINT TBTEMPEDIDODPEDIDO FOREIGN KEY (ID_PEDIDO) REFERENCES TB_PEDIDO (ID)
[EL Fine]: sql: 2025-11-11 15:20:32.365--ServerSession(1492822331)--Connection(1306085976)--Thread(Thread[main,5,main])--ALTER TABLE TB_ITEM_PEDIDO ADD CONSTRAINT TBITEMPEDIDOID_PAO FOREIGN KEY (ID_PAO) REFERENCES TB_PAO (ID)
[EL Fine]: sql: 2025-11-11 15:20:32.372--ServerSession(1492822331)--Connection(1306085976)--Thread(Thread[main,5,main])--ALTER TABLE TB_ITEM_PEDIDO ADD CONSTRAINT TBTEMPEDIDODFRNADA FOREIGN KEY (ID_FORNADA) REFERENCES TB_FORNADA (ID)
[EL Fine]: sql: 2025-11-11 15:20:32.378--ServerSession(1492822331)--Connection(1306085976)--Thread(Thread[main,5,main])--ALTER TABLE TB_FUNCIONARIO ADD CONSTRAINT TBFNCIONARIODPDRIA FOREIGN KEY (ID_PADARIA) REFERENCES TB_PADARIA (ID)
--- Executando testEncontrarPaoDoDataSet ---
[EL Fine]: sql: 2025-11-11 15:20:32.414--ServerSession(1492822331)--Connection(1306085976)--Thread(Thread[main,5,main])--SELECT ID, TXT_NOME_PAO, NUM_PRECO FROM TB_PAO WHERE (ID = ?)
	bind => [301]
Encontrado: Pão Integral
]]></system-out>
  </testcase>
  <testcase name="testPersistirPao" classname="ifpe.paokentyn.domain.PaoTest" time="0.02">
    <system-out><![CDATA[--- Executando testPersistirPao ---
[EL Fine]: sql: 2025-11-11 15:20:32.435--ClientSession(657069980)--Connection(1306085976)--Thread(Thread[main,5,main])--INSERT INTO TB_PAO (TXT_NOME_PAO, NUM_PRECO) VALUES (?, ?)
	bind => [Pão Francês, 0.75]
Persistido: Pão Francês com ID: 1
]]></system-out>
  </testcase>
</testsuite>