<?xml version="1.0" encoding="UTF-8"?>
<testsuite xmlns:xsi="http://www.w3.org/2001/XMLSchema-instance" xsi:noNamespaceSchemaLocation="https://maven.apache.org/surefire/maven-surefire-plugin/xsd/surefire-test-report-3.0.xsd" version="3.0" name="ifpe.paokentyn.domain.TarefaTest" time="0.271" tests="2" errors="0" skipped="0" failures="0">
  <properties>
[...]
</properties>
  <testcase name="testPersistirTarefa" classname="ifpe.paokentyn.domain.TarefaTest" time="0.03">
    <system-out><![CDATA[[EL Fine]: server: 2025-11-11 15:20:32.787--Thread(Thread[main,5,main])--Configured server platform: org.eclipse.persistence.platform.server.NoServerPlatform
[EL Config]: metadata: 2025-11-11 15:20:32.805--ServerSession(501036152)--Thread(Thread[main,5,main])--The access type for the persistent class [class ifpe.paokentyn.domain.Fornada] is set to [FIELD].
[EL Config]: metadata: 2025-11-11 15:20:32.805--ServerSession(501036152)--Thread(Thread[main,5,main])--The target entity (reference) class for the many to one mapping element [field padaria] is being defaulted to: class ifpe.paokentyn.domain.Padaria.
[EL Config]: metadata: 2025-11-11 15:20:32.806--ServerSession(501036152)--Thread(Thread[main,5,main])--The target entity (reference) class for the one to many mapping element [field itensPedidos] is being defaulted to: class ifpe.paokentyn.domain.ItemPedido.
[EL Config]: metadata: 2025-11-11 15:20:32.806--ServerSession(501036152)--Thread(Thread[main,5,main])--The access type for the persistent class [class ifpe.paokentyn.domain.Pedido] is set to [FIELD].
[EL Config]: metadata: 2025-11-11 15:20:32.806--ServerSession(501036152)--Thread(Thread[main,5,main])--The target entity (reference) class for the one to many mapping element [field itens] is being defaulted to: class ifpe.paokentyn.domain.ItemPedido.
[EL Config]: metadata: 2025-11-11 15:20:32.806--ServerSession(501036152)--Thread(Thread[main,5,main])--The access type for the persistent class [class ifpe.paokentyn.domain.Tarefa] is set to [FIELD].
[EL Config]: metadata: 2025-11-11 15:20:32.806--ServerSession(501036152)--Thread(Thread[main,5,main])--The target entity (reference) class for the many to one mapping element [field funcionario] is being defaulted to: class ifpe.paokentyn.domain.Funcionario.
[EL Config]: metadata: 2025-11-11 15:20:32.806--ServerSession(501036152)--Thread(Thread[main,5,main])--The access type for the persistent class [class ifpe.paokentyn.domain.ItemPedido] is set to [FIELD].
[EL Config]: metadata: 2025-11-11 15:20:32.806--ServerSession(501036152)--Thread(Thread[main,5,main])--The target entity (reference) class for the many to one mapping element [field fornada] is being defaulted to: class ifpe.paokentyn.domain.Fornada.
[EL Config]: metadata: 2025-11-11 15:20:32.806--ServerSession(501036152)--Thread(Thread[main,5,main])--The target entity (reference) class for the many to one mapping element [field pedido] is being defaulted to: class ifpe.paokentyn.domain.Pedido.
[EL Config]: metadata: 2025-11-11 15:20:32.806--ServerSession(501036152)--Thread(Thread[main,5,main])--The target entity (reference) class for the many to one mapping element [field pao] is being defaulted to: class ifpe.paokentyn.domain.Pao.
[EL Config]: metadata: 2025-11-11 15:20:32.806--ServerSession(501036152)--Thread(Thread[main,5,main])--The access type for the persistent class [class ifpe.paokentyn.domain.Funcionario] is set to [FIELD].
[EL Config]: metadata: 2025-11-11 15:20:32.806--ServerSession(501036152)--Thread(Thread[main,5,main])--The target entity (reference) class for the many to one mapping element [field padaria] is being defaulted to: class ifpe.paokentyn.domain.Padaria.
[EL Config]: metadata: 2025-11-11 15:20:32.806--ServerSession(501036152)--Thread(Thread[main,5,main])--The target entity (reference) class for the one to many mapping element [field tarefas] is being defaulted to: class ifpe.paokentyn.domain.Tarefa.
[EL Config]: metadata: 2025-11-11 15:20:32.806--ServerSession(501036152)--Thread(Thread[main,5,main])--The access type for the persistent class [class ifpe.paokentyn.domain.Padaria] is set to [FIELD].
[EL Config]: metadata: 2025-11-11 15:20:32.806--ServerSession(501036152)--Thread(Thread[main,5,main])--The target entity (reference) class for the one to many mapping element [field fornadas] is being defaulted to: class ifpe.paokentyn.domain.Fornada.
[EL Config]: metadata: 2025-11-11 15:20:32.806--ServerSession(501036152)--Thread(Thread[main,5,main])--The target entity (reference) class for the one to many mapping element [field funcionarios] is being defaulted to: class ifpe.paokentyn.domain.Funcionario.
[EL Config]: metadata: 2025-11-11 15:20:32.806--ServerSession(501036152)--Thread(Thread[main,5,main])--The access type for the persistent class [class ifpe.paokentyn.domain.Pao] is set to [FIELD].
[EL Config]: metadata: 2025-11-11 15:20:32.806--ServerSession(501036152)--Thread(Thread[main,5,main])--The target entity (reference) class for the one to many mapping element [field itensPedidos] is being defaulted to: class ifpe.paokentyn.domain.ItemPedido.
[EL Config]: metadata: 2025-11-11 15:20:32.806--ServerSession(501036152)--Thread(Thread[main,5,main])--The alias name for the entity class [class ifpe.paokentyn.domain.Fornada] is being defaulted to: Fornada.
[EL Config]: metadata: 2025-11-11 15:20:32.806--ServerSession(501036152)--Thread(Thread[main,5,main])--The column name for element [id] is being defaulted to: ID.
[EL Config]: metadata: 2025-11-11 15:20:32.807--ServerSession(501036152)--Thread(Thread[main,5,main])--The alias name for the entity class [class ifpe.paokentyn.domain.Pedido] is being defaulted to: Pedido.
[EL Config]: metadata: 2025-11-11 15:20:32.807--ServerSession(501036152)--Thread(Thread[main,5,main])--The column name for element [id] is being defaulted to: ID.
[EL Config]: metadata: 2025-11-11 15:20:32.807--ServerSession(501036152)--Thread(Thread[main,5,main])--The alias name for the entity class [class ifpe.paokentyn.domain.Tarefa] is being defaulted to: Tarefa.
[EL Config]: metadata: 2025-11-11 15:20:32.807--ServerSession(501036152)--Thread(Thread[main,5,main])--The column name for element [id] is being defaulted to: ID.
[EL Config]: metadata: 2025-11-11 15:20:32.807--ServerSession(501036152)--Thread(Thread[main,5,main])--The alias name for the entity class [class ifpe.paokentyn.domain.ItemPedido] is being defaulted to: ItemPedido.
[EL Config]: metadata: 2025-11-11 15:20:32.807--ServerSession(501036152)--Thread(Thread[main,5,main])--The column name for element [id] is being defaulted to: ID.
[EL Config]: metadata: 2025-11-11 15:20:32.807--ServerSession(501036152)--Thread(Thread[main,5,main])--The alias name for the entity class [class ifpe.paokentyn.domain.Funcionario] is being defaulted to: Funcionario.
[EL Config]: metadata: 2025-11-11 15:20:32.807--ServerSession(501036152)--Thread(Thread[main,5,main])--The column name for element [id] is being defaulted to: ID.
[EL Config]: metadata: 2025-11-11 15:20:32.807--ServerSession(501036152)--Thread(Thread[main,5,main])--The alias name for the entity class [class ifpe.paokentyn.domain.Padaria] is being defaulted to: Padaria.
[EL Config]: metadata: 2025-11-11 15:20:32.807--ServerSession(501036152)--Thread(Thread[main,5,main])--The column name for element [id] is being defaulted to: ID.
[EL Config]: metadata: 2025-11-11 15:20:32.807--ServerSession(501036152)--Thread(Thread[main,5,main])--The alias name for the entity class [class ifpe.paokentyn.domain.Pao] is being defaulted to: Pao.
[EL Config]: metadata: 2025-11-11 15:20:32.807--ServerSession(501036152)--Thread(Thread[main,5,main])--The column name for element [id] is being defaulted to: ID.
[EL Info]: 2025-11-11 15:20:32.811--ServerSession(501036152)--Thread(Thread[main,5,main])--EclipseLink, version: Eclipse Persistence Services - 4.0.4.v202407190748-059428cdd2583c46f1f3e50d235854840a6fa9a7
[EL Fine]: connection: 2025-11-11 15:20:32.811--ServerSession(501036152)--Connection(1883237069)--Thread(Thread[main,5,main])--connecting(DatabaseLogin(
	platform=>DerbyPlatform
	user name=> "derby"
	datasource URL=> "jdbc:derby://localhost:1527/DSC;create=true"
))
[EL Config]: connection: 2025-11-11 15:20:32.812--ServerSession(501036152)--Connection(1884387196)--Thread(Thread[main,5,main])--Connected: jdbc:derby://localhost:1527/DSC;create=true
	User: derby
	Database: Apache Derby  Version: 10.16.1.1 - (1901046)
	Driver: Apache Derby Network Client JDBC Driver  Version: 10.16.1.1 - (1901046)
[EL Fine]: connection: 2025-11-11 15:20:32.814--ServerSession(501036152)--Thread(Thread[main,5,main])--/DSC login successful
[EL Fine]: sql: 2025-11-11 15:20:32.814--ServerSession(501036152)--Connection(1884387196)--Thread(Thread[main,5,main])--ALTER TABLE TB_FORNADA DROP CONSTRAINT TBFORNADAIDPADARIA
[EL Fine]: sql: 2025-11-11 15:20:32.82--ServerSession(501036152)--Connection(1884387196)--Thread(Thread[main,5,main])--ALTER TABLE TB_TAREFA DROP CONSTRAINT TBTREFADFNCIONARIO
[EL Fine]: sql: 2025-11-11 15:20:32.824--ServerSession(501036152)--Connection(1884387196)--Thread(Thread[main,5,main])--ALTER TABLE TB_ITEM_PEDIDO DROP CONSTRAINT TBTEMPEDIDODPEDIDO
[EL Fine]: sql: 2025-11-11 15:20:32.829--ServerSession(501036152)--Connection(1884387196)--Thread(Thread[main,5,main])--ALTER TABLE TB_ITEM_PEDIDO DROP CONSTRAINT TBITEMPEDIDOID_PAO
[EL Fine]: sql: 2025-11-11 15:20:32.833--ServerSession(501036152)--Connection(1884387196)--Thread(Thread[main,5,main])--ALTER TABLE TB_ITEM_PEDIDO DROP CONSTRAINT TBTEMPEDIDODFRNADA
[EL Fine]: sql: 2025-11-11 15:20:32.837--ServerSession(501036152)--Connection(1884387196)--Thread(Thread[main,5,main])--ALTER TABLE TB_FUNCIONARIO DROP CONSTRAINT TBFNCIONARIODPDRIA
[EL Fine]: sql: 2025-11-11 15:20:32.842--ServerSession(501036152)--Connection(1884387196)--Thread(Thread[main,5,main])--DROP TABLE TB_FORNADA
[EL Fine]: sql: 2025-11-11 15:20:32.847--ServerSession(501036152)--Connection(1884387196)--Thread(Thread[main,5,main])--DROP TABLE TB_PEDIDO
[EL Fine]: sql: 2025-11-11 15:20:32.856--ServerSession(501036152)--Connection(1884387196)--Thread(Thread[main,5,main])--DROP TABLE TB_TAREFA
[EL Fine]: sql: 2025-11-11 15:20:32.867--ServerSession(501036152)--Connection(1884387196)--Thread(Thread[main,5,main])--DROP TABLE TB_ITEM_PEDIDO
[EL Fine]: sql: 2025-11-11 15:20:32.874--ServerSession(501036152)--Connection(1884387196)--Thread(Thread[main,5,main])--DROP TABLE TB_FUNCIONARIO
[EL Fine]: sql: 2025-11-11 15:20:32.882--ServerSession(501036152)--Connection(1884387196)--Thread(Thread[main,5,main])--DROP TABLE TB_PADARIA
[EL Fine]: sql: 2025-11-11 15:20:32.89--ServerSession(501036152)--Connection(1884387196)--Thread(Thread[main,5,main])--DROP TABLE TB_PAO
[EL Fine]: sql: 2025-11-11 15:20:32.9--ServerSession(501036152)--Connection(1884387196)--Thread(Thread[main,5,main])--CREATE TABLE TB_FORNADA (ID BIGINT GENERATED BY DEFAULT AS IDENTITY NOT NULL, DT_FORNADA DATE NOT NULL, HR_INICIO TIME NOT NULL, ID_PADARIA BIGINT NOT NULL, PRIMARY KEY (ID))
[EL Fine]: sql: 2025-11-11 15:20:32.91--ServerSession(501036152)--Connection(1884387196)--Thread(Thread[main,5,main])--CREATE TABLE TB_PEDIDO (ID BIGINT GENERATED BY DEFAULT AS IDENTITY NOT NULL, DT_PEDIDO TIMESTAMP NOT NULL, NUM_VALOR_TOTAL FLOAT NOT NULL, PRIMARY KEY (ID))
[EL Fine]: sql: 2025-11-11 15:20:32.92--ServerSession(501036152)--Connection(1884387196)--Thread(Thread[main,5,main])--CREATE TABLE TB_TAREFA (ID BIGINT GENERATED BY DEFAULT AS IDENTITY NOT NULL, FLG_CONCLUIDA SMALLINT DEFAULT 0 NOT NULL, DT_CONCLUSAO TIMESTAMP, DT_INICIO TIMESTAMP NOT NULL, DT_PREVISAO TIMESTAMP NOT NULL, TXT_DESCRICAO VARCHAR(500) NOT NULL, ID_FUNCIONARIO BIGINT NOT NULL, PRIMARY KEY (ID))
[EL Fine]: sql: 2025-11-11 15:20:32.933--ServerSession(501036152)--Connection(1884387196)--Thread(Thread[main,5,main])--CREATE TABLE TB_ITEM_PEDIDO (ID BIGINT GENERATED BY DEFAULT AS IDENTITY NOT NULL, NUM_QUANTIDADE INTEGER NOT NULL, ID_FORNADA BIGINT, ID_PAO BIGINT NOT NULL, ID_PEDIDO BIGINT NOT NULL, PRIMARY KEY (ID))
[EL Fine]: sql: 2025-11-11 15:20:32.938--ServerSession(501036152)--Connection(1884387196)--Thread(Thread[main,5,main])--CREATE TABLE TB_FUNCIONARIO (ID BIGINT GENERATED BY DEFAULT AS IDENTITY NOT NULL, TXT_CARGO VARCHAR(50) NOT NULL, DT_CONTRATACAO DATE, TXT_NOME VARCHAR(255) NOT NULL, NUM_SALARIO FLOAT, ID_PADARIA BIGINT NOT NULL, PRIMARY KEY (ID))
[EL Fine]: sql: 2025-11-11 15:20:32.946--ServerSession(501036152)--Connection(1884387196)--Thread(Thread[main,5,main])--CREATE TABLE TB_PADARIA (ID BIGINT GENERATED BY DEFAULT AS IDENTITY NOT NULL, TXT_CEP VARCHAR(9), TXT_ENDERECO VARCHAR(500), TXT_NOME VARCHAR(255) NOT NULL, PRIMARY KEY (ID))
[EL Fine]: sql: 2025-11-11 15:20:32.963--ServerSession(501036152)--Connection(1884387196)--Thread(Thread[main,5,main])--CREATE TABLE TB_PAO (ID BIGINT GENERATED BY DEFAULT AS IDENTITY NOT NULL, TXT_NOME_PAO VARCHAR(100) NOT NULL, NUM_PRECO FLOAT NOT NULL, PRIMARY KEY (ID))
[EL Fine]: sql: 2025-11-11 15:20:32.973--ServerSession(501036152)--Connection(1884387196)--Thread(Thread[main,5,main])--ALTER TABLE TB_FORNADA ADD CONSTRAINT TBFORNADAIDPADARIA FOREIGN KEY (ID_PADARIA) REFERENCES TB_PADARIA (ID)
[EL Fine]: sql: 2025-11-11 15:20:32.979--ServerSession(501036152)--Connection(1884387196)--Thread(Thread[main,5,main])--ALTER TABLE TB_TAREFA ADD CONSTRAINT TBTREFADFNCIONARIO FOREIGN KEY (ID_FUNCIONARIO) REFERENCES TB_FUNCIONARIO (ID)
[EL Fine]: sql: 2025-11-11 15:20:32.985--ServerSession(501036152)--Connection(1884387196)--Thread(Thread[main,5,main])--ALTER TABLE TB_ITEM_PEDIDO ADD CONSTRAINT TBTEMPEDIDODPEDIDO FOREIGN KEY (ID_PEDIDO) REFERENCES TB_PEDIDO (ID)
[EL Fine]: sql: 2025-11-11 15:20:32.988--ServerSession(501036152)--Connection(1884387196)--Thread(Thread[main,5,main])--ALTER TABLE TB_ITEM_PEDIDO ADD CONSTRAINT TBITEMPEDIDOID_PAO FOREIGN KEY (ID_PAO) REFERENCES TB_PAO (ID)
[EL Fine]: sql: 2025-11-11 15:20:32.998--ServerSession(501036152)--Connection(1884387196)--Thread(Thread[main,5,main])--ALTER TABLE TB_ITEM_PEDIDO ADD CONSTRAINT TBTEMPEDIDODFRNADA FOREIGN KEY (ID_FORNADA) REFERENCES TB_FORNADA (ID)
[EL Fine]: sql: 2025-11-11 15:20:33.004--ServerSession(501036152)--Connection(1884387196)--Thread(Thread[main,5,main])--ALTER TABLE TB_FUNCIONARIO ADD CONSTRAINT TBFNCIONARIODPDRIA FOREIGN KEY (ID_PADARIA) REFERENCES TB_PADARIA (ID)
--- Executando testPersistirTarefa ---
[EL Fine]: sql: 2025-11-11 15:20:33.037--ServerSession(501036152)--Connection(1884387196)--Thread(Thread[main,5,main])--SELECT ID, TXT_CARGO, DT_CONTRATACAO, TXT_NOME, NUM_SALARIO, ID_PADARIA FROM TB_FUNCIONARIO WHERE (ID = ?)
	bind => [201]
[EL Fine]: sql: 2025-11-11 15:20:33.039--ClientSession(1098737173)--Connection(1884387196)--Thread(Thread[main,5,main])--INSERT INTO TB_TAREFA (FLG_CONCLUIDA, DT_CONCLUSAO, DT_INICIO, DT_PREVISAO, TXT_DESCRICAO, ID_FUNCIONARIO) VALUES (?, ?, ?, ?, ?, ?)
	bind => [false, null, 2025-11-11 15:20:33.039, 2025-11-12 15:20:33.039, Limpar forno, 201]
Persistida: 'Limpar forno' com ID: 1
]]></system-out>
  </testcase>
  <testcase name="testEncontrarTarefaDoDataSet" classname="ifpe.paokentyn.domain.TarefaTest" time="0.014">
    <system-out><![CDATA[--- Executando testEncontrarTarefaDoDataSet ---
[EL Fine]: sql: 2025-11-11 15:20:33.057--ServerSession(501036152)--Connection(1884387196)--Thread(Thread[main,5,main])--SELECT ID, FLG_CONCLUIDA, DT_CONCLUSAO, DT_INICIO, DT_PREVISAO, TXT_DESCRICAO, ID_FUNCIONARIO FROM TB_TAREFA WHERE (ID = ?)
	bind => [501]
[EL Fine]: sql: 2025-11-11 15:20:33.057--ServerSession(501036152)--Connection(1884387196)--Thread(Thread[main,5,main])--SELECT ID, TXT_CEP, TXT_ENDERECO, TXT_NOME FROM TB_PADARIA WHERE (ID = ?)
	bind => [101]
Encontrada: 'Checar estoque de farinha' para o func. João Silva
]]></system-out>
  </testcase>
</testsuite>